<?xml version="1.0" encoding="UTF-8"?>
<testsuite hostname="Wally-PC" name="au.brian.asx.domain.AnnouncementTest" tests="10" failures="9" timestamp="25 Mar 2013 11:42:47 GMT" time="0.101" errors="0">
  <testcase name="test1" time="0.072" classname="au.brian.asx.domain.AnnouncementTest">
    <failure type="java.io.FileNotFoundException" message="\Users\briancole\Downloads\41zk1jggm90mmp.pdf (The system cannot find the path specified)">
      <![CDATA[java.io.FileNotFoundException: \Users\briancole\Downloads\41zk1jggm90mmp.pdf (The system cannot find the path specified)
	at java.io.FileInputStream.open(Native Method)
	at java.io.FileInputStream.<init>(FileInputStream.java:138)
	at org.apache.pdfbox.pdmodel.PDDocument.load(PDDocument.java:1125)
	at au.brian.asx.domain.Announcement.parseAnnouncement(Announcement.java:108)
	at au.brian.asx.domain.AnnouncementTest.test1(AnnouncementTest.java:56)
	at org.apache.maven.surefire.testng.TestNGExecutor.run(TestNGExecutor.java:70)
	at org.apache.maven.surefire.testng.TestNGDirectoryTestSuite.executeMulti(TestNGDirectoryTestSuite.java:158)
	at org.apache.maven.surefire.testng.TestNGDirectoryTestSuite.execute(TestNGDirectoryTestSuite.java:98)
	at org.apache.maven.surefire.testng.TestNGProvider.invoke(TestNGProvider.java:111)
	at org.apache.maven.surefire.util.ReflectionUtils.invokeMethodWithArray(ReflectionUtils.java:164)
	at org.apache.maven.surefire.booter.ProviderFactory$ProviderProxy.invoke(ProviderFactory.java:110)
	at org.apache.maven.surefire.booter.SurefireStarter.invokeProvider(SurefireStarter.java:175)
	at org.apache.maven.surefire.booter.SurefireStarter.runSuitesInProcessWhenForked(SurefireStarter.java:107)
	at org.apache.maven.surefire.booter.ForkedBooter.main(ForkedBooter.java:68)
... Removed 26 stack frames]]>
    </failure>
  </testcase>
  <testcase name="test1" time="0.001" classname="au.brian.asx.domain.AnnouncementTest">
    <failure type="java.io.FileNotFoundException" message="\Users\briancole\Downloads\41zk1mmcbzcrgj.pdf (The system cannot find the path specified)">
      <![CDATA[java.io.FileNotFoundException: \Users\briancole\Downloads\41zk1mmcbzcrgj.pdf (The system cannot find the path specified)
	at java.io.FileInputStream.open(Native Method)
	at java.io.FileInputStream.<init>(FileInputStream.java:138)
	at org.apache.pdfbox.pdmodel.PDDocument.load(PDDocument.java:1125)
	at au.brian.asx.domain.Announcement.parseAnnouncement(Announcement.java:108)
	at au.brian.asx.domain.AnnouncementTest.test1(AnnouncementTest.java:56)
	at org.apache.maven.surefire.testng.TestNGExecutor.run(TestNGExecutor.java:70)
	at org.apache.maven.surefire.testng.TestNGDirectoryTestSuite.executeMulti(TestNGDirectoryTestSuite.java:158)
	at org.apache.maven.surefire.testng.TestNGDirectoryTestSuite.execute(TestNGDirectoryTestSuite.java:98)
	at org.apache.maven.surefire.testng.TestNGProvider.invoke(TestNGProvider.java:111)
	at org.apache.maven.surefire.util.ReflectionUtils.invokeMethodWithArray(ReflectionUtils.java:164)
	at org.apache.maven.surefire.booter.ProviderFactory$ProviderProxy.invoke(ProviderFactory.java:110)
	at org.apache.maven.surefire.booter.SurefireStarter.invokeProvider(SurefireStarter.java:175)
	at org.apache.maven.surefire.booter.SurefireStarter.runSuitesInProcessWhenForked(SurefireStarter.java:107)
	at org.apache.maven.surefire.booter.ForkedBooter.main(ForkedBooter.java:68)
... Removed 26 stack frames]]>
    </failure>
  </testcase>
  <testcase name="test1" time="0.002" classname="au.brian.asx.domain.AnnouncementTest">
    <failure type="java.io.FileNotFoundException" message="\Users\briancole\Downloads\41zsqscksqwlz9.pdf (The system cannot find the path specified)">
      <![CDATA[java.io.FileNotFoundException: \Users\briancole\Downloads\41zsqscksqwlz9.pdf (The system cannot find the path specified)
	at java.io.FileInputStream.open(Native Method)
	at java.io.FileInputStream.<init>(FileInputStream.java:138)
	at org.apache.pdfbox.pdmodel.PDDocument.load(PDDocument.java:1125)
	at au.brian.asx.domain.Announcement.parseAnnouncement(Announcement.java:108)
	at au.brian.asx.domain.AnnouncementTest.test1(AnnouncementTest.java:56)
	at org.apache.maven.surefire.testng.TestNGExecutor.run(TestNGExecutor.java:70)
	at org.apache.maven.surefire.testng.TestNGDirectoryTestSuite.executeMulti(TestNGDirectoryTestSuite.java:158)
	at org.apache.maven.surefire.testng.TestNGDirectoryTestSuite.execute(TestNGDirectoryTestSuite.java:98)
	at org.apache.maven.surefire.testng.TestNGProvider.invoke(TestNGProvider.java:111)
	at org.apache.maven.surefire.util.ReflectionUtils.invokeMethodWithArray(ReflectionUtils.java:164)
	at org.apache.maven.surefire.booter.ProviderFactory$ProviderProxy.invoke(ProviderFactory.java:110)
	at org.apache.maven.surefire.booter.SurefireStarter.invokeProvider(SurefireStarter.java:175)
	at org.apache.maven.surefire.booter.SurefireStarter.runSuitesInProcessWhenForked(SurefireStarter.java:107)
	at org.apache.maven.surefire.booter.ForkedBooter.main(ForkedBooter.java:68)
... Removed 26 stack frames]]>
    </failure>
  </testcase>
  <testcase name="test1" time="0.002" classname="au.brian.asx.domain.AnnouncementTest">
    <failure type="java.io.FileNotFoundException" message="\Users\briancole\Downloads\420jyp71tjwd15.pdf (The system cannot find the path specified)">
      <![CDATA[java.io.FileNotFoundException: \Users\briancole\Downloads\420jyp71tjwd15.pdf (The system cannot find the path specified)
	at java.io.FileInputStream.open(Native Method)
	at java.io.FileInputStream.<init>(FileInputStream.java:138)
	at org.apache.pdfbox.pdmodel.PDDocument.load(PDDocument.java:1125)
	at au.brian.asx.domain.Announcement.parseAnnouncement(Announcement.java:108)
	at au.brian.asx.domain.AnnouncementTest.test1(AnnouncementTest.java:56)
	at org.apache.maven.surefire.testng.TestNGExecutor.run(TestNGExecutor.java:70)
	at org.apache.maven.surefire.testng.TestNGDirectoryTestSuite.executeMulti(TestNGDirectoryTestSuite.java:158)
	at org.apache.maven.surefire.testng.TestNGDirectoryTestSuite.execute(TestNGDirectoryTestSuite.java:98)
	at org.apache.maven.surefire.testng.TestNGProvider.invoke(TestNGProvider.java:111)
	at org.apache.maven.surefire.util.ReflectionUtils.invokeMethodWithArray(ReflectionUtils.java:164)
	at org.apache.maven.surefire.booter.ProviderFactory$ProviderProxy.invoke(ProviderFactory.java:110)
	at org.apache.maven.surefire.booter.SurefireStarter.invokeProvider(SurefireStarter.java:175)
	at org.apache.maven.surefire.booter.SurefireStarter.runSuitesInProcessWhenForked(SurefireStarter.java:107)
	at org.apache.maven.surefire.booter.ForkedBooter.main(ForkedBooter.java:68)
... Removed 26 stack frames]]>
    </failure>
  </testcase>
  <testcase name="test1" time="0.001" classname="au.brian.asx.domain.AnnouncementTest">
    <failure type="java.io.FileNotFoundException" message="\Users\briancole\Downloads\420kvbksx0t768.pdf (The system cannot find the path specified)">
      <![CDATA[java.io.FileNotFoundException: \Users\briancole\Downloads\420kvbksx0t768.pdf (The system cannot find the path specified)
	at java.io.FileInputStream.open(Native Method)
	at java.io.FileInputStream.<init>(FileInputStream.java:138)
	at org.apache.pdfbox.pdmodel.PDDocument.load(PDDocument.java:1125)
	at au.brian.asx.domain.Announcement.parseAnnouncement(Announcement.java:108)
	at au.brian.asx.domain.AnnouncementTest.test1(AnnouncementTest.java:56)
	at org.apache.maven.surefire.testng.TestNGExecutor.run(TestNGExecutor.java:70)
	at org.apache.maven.surefire.testng.TestNGDirectoryTestSuite.executeMulti(TestNGDirectoryTestSuite.java:158)
	at org.apache.maven.surefire.testng.TestNGDirectoryTestSuite.execute(TestNGDirectoryTestSuite.java:98)
	at org.apache.maven.surefire.testng.TestNGProvider.invoke(TestNGProvider.java:111)
	at org.apache.maven.surefire.util.ReflectionUtils.invokeMethodWithArray(ReflectionUtils.java:164)
	at org.apache.maven.surefire.booter.ProviderFactory$ProviderProxy.invoke(ProviderFactory.java:110)
	at org.apache.maven.surefire.booter.SurefireStarter.invokeProvider(SurefireStarter.java:175)
	at org.apache.maven.surefire.booter.SurefireStarter.runSuitesInProcessWhenForked(SurefireStarter.java:107)
	at org.apache.maven.surefire.booter.ForkedBooter.main(ForkedBooter.java:68)
... Removed 26 stack frames]]>
    </failure>
  </testcase>
  <testcase name="test1" time="0.002" classname="au.brian.asx.domain.AnnouncementTest">
    <failure type="java.io.FileNotFoundException" message="\Users\briancole\Downloads\420nqx23dvvsd3.pdf (The system cannot find the path specified)">
      <![CDATA[java.io.FileNotFoundException: \Users\briancole\Downloads\420nqx23dvvsd3.pdf (The system cannot find the path specified)
	at java.io.FileInputStream.open(Native Method)
	at java.io.FileInputStream.<init>(FileInputStream.java:138)
	at org.apache.pdfbox.pdmodel.PDDocument.load(PDDocument.java:1125)
	at au.brian.asx.domain.Announcement.parseAnnouncement(Announcement.java:108)
	at au.brian.asx.domain.AnnouncementTest.test1(AnnouncementTest.java:56)
	at org.apache.maven.surefire.testng.TestNGExecutor.run(TestNGExecutor.java:70)
	at org.apache.maven.surefire.testng.TestNGDirectoryTestSuite.executeMulti(TestNGDirectoryTestSuite.java:158)
	at org.apache.maven.surefire.testng.TestNGDirectoryTestSuite.execute(TestNGDirectoryTestSuite.java:98)
	at org.apache.maven.surefire.testng.TestNGProvider.invoke(TestNGProvider.java:111)
	at org.apache.maven.surefire.util.ReflectionUtils.invokeMethodWithArray(ReflectionUtils.java:164)
	at org.apache.maven.surefire.booter.ProviderFactory$ProviderProxy.invoke(ProviderFactory.java:110)
	at org.apache.maven.surefire.booter.SurefireStarter.invokeProvider(SurefireStarter.java:175)
	at org.apache.maven.surefire.booter.SurefireStarter.runSuitesInProcessWhenForked(SurefireStarter.java:107)
	at org.apache.maven.surefire.booter.ForkedBooter.main(ForkedBooter.java:68)
... Removed 26 stack frames]]>
    </failure>
  </testcase>
  <testcase name="test1" time="0.002" classname="au.brian.asx.domain.AnnouncementTest">
    <failure type="java.io.FileNotFoundException" message="\Users\briancole\Downloads\420nzwthq7kkdb.pdf (The system cannot find the path specified)">
      <![CDATA[java.io.FileNotFoundException: \Users\briancole\Downloads\420nzwthq7kkdb.pdf (The system cannot find the path specified)
	at java.io.FileInputStream.open(Native Method)
	at java.io.FileInputStream.<init>(FileInputStream.java:138)
	at org.apache.pdfbox.pdmodel.PDDocument.load(PDDocument.java:1125)
	at au.brian.asx.domain.Announcement.parseAnnouncement(Announcement.java:108)
	at au.brian.asx.domain.AnnouncementTest.test1(AnnouncementTest.java:56)
	at org.apache.maven.surefire.testng.TestNGExecutor.run(TestNGExecutor.java:70)
	at org.apache.maven.surefire.testng.TestNGDirectoryTestSuite.executeMulti(TestNGDirectoryTestSuite.java:158)
	at org.apache.maven.surefire.testng.TestNGDirectoryTestSuite.execute(TestNGDirectoryTestSuite.java:98)
	at org.apache.maven.surefire.testng.TestNGProvider.invoke(TestNGProvider.java:111)
	at org.apache.maven.surefire.util.ReflectionUtils.invokeMethodWithArray(ReflectionUtils.java:164)
	at org.apache.maven.surefire.booter.ProviderFactory$ProviderProxy.invoke(ProviderFactory.java:110)
	at org.apache.maven.surefire.booter.SurefireStarter.invokeProvider(SurefireStarter.java:175)
	at org.apache.maven.surefire.booter.SurefireStarter.runSuitesInProcessWhenForked(SurefireStarter.java:107)
	at org.apache.maven.surefire.booter.ForkedBooter.main(ForkedBooter.java:68)
... Removed 26 stack frames]]>
    </failure>
  </testcase>
  <testcase name="test1" time="0.002" classname="au.brian.asx.domain.AnnouncementTest">
    <failure type="java.io.FileNotFoundException" message="\Users\briancole\Downloads\4214h9d3gvsl1k.pdf (The system cannot find the path specified)">
      <![CDATA[java.io.FileNotFoundException: \Users\briancole\Downloads\4214h9d3gvsl1k.pdf (The system cannot find the path specified)
	at java.io.FileInputStream.open(Native Method)
	at java.io.FileInputStream.<init>(FileInputStream.java:138)
	at org.apache.pdfbox.pdmodel.PDDocument.load(PDDocument.java:1125)
	at au.brian.asx.domain.Announcement.parseAnnouncement(Announcement.java:108)
	at au.brian.asx.domain.AnnouncementTest.test1(AnnouncementTest.java:56)
	at org.apache.maven.surefire.testng.TestNGExecutor.run(TestNGExecutor.java:70)
	at org.apache.maven.surefire.testng.TestNGDirectoryTestSuite.executeMulti(TestNGDirectoryTestSuite.java:158)
	at org.apache.maven.surefire.testng.TestNGDirectoryTestSuite.execute(TestNGDirectoryTestSuite.java:98)
	at org.apache.maven.surefire.testng.TestNGProvider.invoke(TestNGProvider.java:111)
	at org.apache.maven.surefire.util.ReflectionUtils.invokeMethodWithArray(ReflectionUtils.java:164)
	at org.apache.maven.surefire.booter.ProviderFactory$ProviderProxy.invoke(ProviderFactory.java:110)
	at org.apache.maven.surefire.booter.SurefireStarter.invokeProvider(SurefireStarter.java:175)
	at org.apache.maven.surefire.booter.SurefireStarter.runSuitesInProcessWhenForked(SurefireStarter.java:107)
	at org.apache.maven.surefire.booter.ForkedBooter.main(ForkedBooter.java:68)
... Removed 26 stack frames]]>
    </failure>
  </testcase>
  <testcase name="test1" time="0.001" classname="au.brian.asx.domain.AnnouncementTest">
    <failure type="java.io.FileNotFoundException" message="\Users\briancole\Downloads\4218058x0zvvtp.pdf (The system cannot find the path specified)">
      <![CDATA[java.io.FileNotFoundException: \Users\briancole\Downloads\4218058x0zvvtp.pdf (The system cannot find the path specified)
	at java.io.FileInputStream.open(Native Method)
	at java.io.FileInputStream.<init>(FileInputStream.java:138)
	at org.apache.pdfbox.pdmodel.PDDocument.load(PDDocument.java:1125)
	at au.brian.asx.domain.Announcement.parseAnnouncement(Announcement.java:108)
	at au.brian.asx.domain.AnnouncementTest.test1(AnnouncementTest.java:56)
	at org.apache.maven.surefire.testng.TestNGExecutor.run(TestNGExecutor.java:70)
	at org.apache.maven.surefire.testng.TestNGDirectoryTestSuite.executeMulti(TestNGDirectoryTestSuite.java:158)
	at org.apache.maven.surefire.testng.TestNGDirectoryTestSuite.execute(TestNGDirectoryTestSuite.java:98)
	at org.apache.maven.surefire.testng.TestNGProvider.invoke(TestNGProvider.java:111)
	at org.apache.maven.surefire.util.ReflectionUtils.invokeMethodWithArray(ReflectionUtils.java:164)
	at org.apache.maven.surefire.booter.ProviderFactory$ProviderProxy.invoke(ProviderFactory.java:110)
	at org.apache.maven.surefire.booter.SurefireStarter.invokeProvider(SurefireStarter.java:175)
	at org.apache.maven.surefire.booter.SurefireStarter.runSuitesInProcessWhenForked(SurefireStarter.java:107)
	at org.apache.maven.surefire.booter.ForkedBooter.main(ForkedBooter.java:68)
... Removed 26 stack frames]]>
    </failure>
  </testcase>
  <testcase name="test1" time="0.002" classname="au.brian.asx.domain.ShareEvaluationTest"/>
</testsuite>
